2024-12-31 18:29:22,718 - INFO - Server started on ws://localhost:8001
2024-12-31 18:29:22,719 - INFO - Starting update_data_periodically
2024-12-31 18:29:32,721 - DEBUG - Starting fetch_tiktok_data_periodically
2024-12-31 18:29:32,723 - DEBUG - got TikTok data
2024-12-31 18:30:05,174 - INFO - lastResult: {'videoCount': 1148, 'viewCount': 38832066}
2024-12-31 18:30:13,313 - DEBUG - Websocket connection closed.
2024-12-31 18:30:42,130 - INFO - lastResult: {'videoCount': 1148, 'viewCount': 38832068}
2024-12-31 18:30:54,369 - DEBUG - Websocket connection closed.
2024-12-31 18:31:17,494 - INFO - lastResult: {'videoCount': 1148, 'viewCount': 38832070}
2024-12-31 18:31:35,378 - DEBUG - Websocket connection closed.
2024-12-31 18:31:55,132 - INFO - lastResult: {'videoCount': 1148, 'viewCount': 38832072}
2024-12-31 18:32:27,497 - INFO - Server started on ws://localhost:8001
2024-12-31 18:32:27,502 - INFO - Starting update_data_periodically
2024-12-31 18:32:41,824 - DEBUG - Starting fetch_tiktok_data_periodically
2024-12-31 18:32:45,054 - DEBUG - got TikTok data
2024-12-31 18:33:26,137 - INFO - lastResult: {'videoCount': 1148, 'viewCount': 38832079}
2024-12-31 18:33:35,914 - DEBUG - Websocket connection closed.
2024-12-31 18:33:53,160 - INFO - Server started on ws://localhost:8001
2024-12-31 18:33:53,165 - INFO - Starting update_data_periodically
2024-12-31 18:34:06,409 - DEBUG - Starting fetch_tiktok_data_periodically
2024-12-31 18:34:13,417 - DEBUG - got TikTok data
2024-12-31 18:34:44,340 - INFO - Server started on ws://localhost:8001
2024-12-31 18:34:44,342 - INFO - Starting update_data_periodically
2024-12-31 18:34:54,330 - DEBUG - Starting fetch_tiktok_data_periodically
2024-12-31 18:35:13,883 - ERROR - Error getting original views: 'TikTokApi' object has no attribute 'num_sessions'
2024-12-31 18:35:13,884 - INFO - lastResult: {'videoCount': 1148, 'viewCount': 38832079}
2024-12-31 18:46:22,561 - INFO - Server started on ws://localhost:8001
2024-12-31 18:46:22,562 - INFO - Starting update_data_periodically
2024-12-31 18:46:32,565 - DEBUG - Starting fetch_tiktok_data_periodically
2024-12-31 18:47:00,403 - ERROR - Error getting original views: 'TikTokApi' object has no attribute 'num_sessions'
2024-12-31 18:47:00,404 - INFO - lastResult: {'videoCount': 1148, 'viewCount': 38832079}
2024-12-31 18:47:12,818 - DEBUG - Websocket connection closed.
2024-12-31 18:48:26,318 - INFO - Server started on ws://localhost:8001
2024-12-31 18:48:26,323 - INFO - Starting update_data_periodically
2024-12-31 18:49:06,110 - DEBUG - Starting fetch_tiktok_data_periodically
2024-12-31 18:49:26,380 - ERROR - Error getting original views: 'TikTokApi' object has no attribute 'num_sessions'
2024-12-31 18:49:26,381 - INFO - lastResult: {'videoCount': 1148, 'viewCount': 38832079}
2024-12-31 18:49:36,275 - DEBUG - Websocket connection closed.
2024-12-31 18:50:23,974 - DEBUG - Websocket connection closed.
2024-12-31 18:50:43,295 - ERROR - An unexpected error occurred: 'TikTokApi' object has no attribute 'num_sessions'
2024-12-31 18:50:47,565 - ERROR - error in _get_views_async Page closed
=========================== logs ===========================
navigating to "https://www.tiktok.com/@pane2kvod", waiting until "load"
============================================================
2024-12-31 18:53:12,560 - INFO - Server started on ws://localhost:8001
2024-12-31 18:53:12,561 - INFO - Starting update_data_periodically
2024-12-31 18:53:22,562 - DEBUG - Starting fetch_tiktok_data_periodically
2024-12-31 18:53:52,030 - ERROR - Error getting original views: 'TikTokApi' object has no attribute 'num_sessions'
2024-12-31 18:53:52,032 - INFO - lastResult: {'videoCount': 1148, 'viewCount': 38832079}
2024-12-31 18:54:02,703 - DEBUG - Websocket connection closed.
2024-12-31 18:54:36,664 - ERROR - An unexpected error occurred: 'TikTokApi' object has no attribute 'num_sessions'
2024-12-31 19:00:20,191 - INFO - Server started on ws://localhost:8001
2024-12-31 19:00:20,197 - INFO - Starting update_data_periodically
2024-12-31 19:00:58,153 - INFO - Server started on ws://localhost:8001
2024-12-31 19:00:58,154 - INFO - Starting update_data_periodically
2024-12-31 19:01:08,157 - DEBUG - Starting fetch_tiktok_data_periodically
2024-12-31 19:01:48,998 - DEBUG - Websocket connection closed.
2024-12-31 19:01:49,938 - ERROR - Error getting original views: 'TikTokApi' object has no attribute 'num_sessions'
2024-12-31 19:01:49,940 - INFO - lastResult: {'videoCount': 1148, 'viewCount': 38832079}
2024-12-31 19:01:57,217 - ERROR - An unexpected error occurred: 'TikTokApi' object has no attribute 'num_sessions'
2024-12-31 19:02:28,401 - INFO - Server started on ws://localhost:8001
2024-12-31 19:02:28,402 - INFO - Starting update_data_periodically
2024-12-31 19:02:38,405 - DEBUG - Starting fetch_tiktok_data_periodically
2024-12-31 19:03:11,949 - ERROR - Error getting original views: 'TikTokApi' object has no attribute 'num_sessions'
2024-12-31 19:03:11,950 - INFO - lastResult: {'videoCount': 1148, 'viewCount': 38832079}
2024-12-31 19:03:18,558 - DEBUG - Websocket connection closed.
2024-12-31 19:03:29,256 - ERROR - An unexpected error occurred: 'TikTokApi' object has no attribute 'num_sessions'
2024-12-31 19:04:10,367 - INFO - Server started on ws://localhost:8001
2024-12-31 19:04:10,368 - INFO - Starting update_data_periodically
2024-12-31 19:04:20,370 - DEBUG - Starting fetch_tiktok_data_periodically
2024-12-31 19:04:56,866 - ERROR - Error getting original views: 'TikTokApi' object has no attribute 'num_sessions'
2024-12-31 19:04:56,867 - INFO - lastResult: {'videoCount': 1148, 'viewCount': 38832079}
2024-12-31 19:05:00,446 - DEBUG - Websocket connection closed.
2024-12-31 19:05:29,875 - INFO - Server started on ws://localhost:8001
2024-12-31 19:05:29,877 - INFO - Starting update_data_periodically
2024-12-31 19:05:39,879 - DEBUG - Starting fetch_tiktok_data_periodically
2024-12-31 19:06:20,153 - DEBUG - Websocket connection closed.
2024-12-31 19:11:49,668 - INFO - Server started on ws://localhost:8001
2024-12-31 19:11:49,669 - INFO - Starting update_data_periodically
2024-12-31 19:11:59,671 - DEBUG - Starting fetch_tiktok_data_periodically
2024-12-31 19:12:20,514 - INFO - lastResult: {'videoCount': 1148, 'viewCount': 38832237}
2024-12-31 19:12:20,644 - ERROR - error in _get_views_async Task <Task pending name='Task-6' coro=<TikTokDataService._get_views_async() running at d:\tiktokOpen\TikTokOpen\testmain.py:217> cb=[_run_until_complete_cb() at C:\Users\Lenovo\AppData\Local\Programs\Python\Python310\lib\asyncio\base_events.py:184, ProtocolCallback.__init__.<locals>.cb() at D:\tiktokOpen\TikTokOpen\.venv\lib\site-packages\playwright\_impl\_connection.py:190]> got Future <Future pending> attached to a different loop
2024-12-31 19:12:39,943 - DEBUG - Websocket connection closed.
2024-12-31 19:19:37,623 - INFO - Server started on ws://localhost:8001
2024-12-31 19:19:37,624 - INFO - Starting update_data_periodically
2024-12-31 19:19:47,626 - DEBUG - Starting fetch_tiktok_data_periodically
2024-12-31 19:19:47,628 - ERROR - An unexpected error occurred: users_videos_with_hashtag() got an unexpected keyword argument 'api'
2024-12-31 19:19:51,630 - ERROR - An unexpected error occurred: users_videos_with_hashtag() got an unexpected keyword argument 'api'
2024-12-31 19:19:55,633 - ERROR - An unexpected error occurred: users_videos_with_hashtag() got an unexpected keyword argument 'api'
2024-12-31 19:20:28,921 - INFO - Server started on ws://localhost:8001
2024-12-31 19:20:28,922 - INFO - Starting update_data_periodically
2024-12-31 19:20:38,925 - DEBUG - Starting fetch_tiktok_data_periodically
2024-12-31 19:21:02,096 - INFO - lastResult: {'videoCount': 1148, 'viewCount': 38832265}
2024-12-31 19:21:02,222 - ERROR - error in _get_views_async Task <Task pending name='Task-6' coro=<TikTokDataService._get_views_async() running at d:\tiktokOpen\TikTokOpen\testmain.py:217> cb=[_run_until_complete_cb() at C:\Users\Lenovo\AppData\Local\Programs\Python\Python310\lib\asyncio\base_events.py:184, ProtocolCallback.__init__.<locals>.cb() at D:\tiktokOpen\TikTokOpen\.venv\lib\site-packages\playwright\_impl\_connection.py:190]> got Future <Future pending> attached to a different loop
2024-12-31 19:21:19,699 - DEBUG - Websocket connection closed.
2024-12-31 19:23:27,374 - INFO - Server started on ws://localhost:8001
2024-12-31 19:23:27,375 - INFO - Starting update_data_periodically
2024-12-31 19:23:59,020 - INFO - Server started on ws://localhost:8001
2024-12-31 19:23:59,021 - INFO - Starting update_data_periodically
2024-12-31 19:23:59,022 - DEBUG - Starting fetch_tiktok_data_periodically
2024-12-31 19:23:59,023 - ERROR - An unexpected error occurred: getInfo() missing 1 required positional argument: 'api'
2024-12-31 19:24:03,024 - ERROR - An unexpected error occurred: getInfo() missing 1 required positional argument: 'api'
2024-12-31 19:24:07,024 - ERROR - An unexpected error occurred: getInfo() missing 1 required positional argument: 'api'
2024-12-31 19:24:49,545 - DEBUG - Websocket connection closed.
2024-12-31 19:25:49,700 - INFO - Server started on ws://localhost:8001
2024-12-31 19:25:49,702 - INFO - Starting update_data_periodically
2024-12-31 19:25:49,703 - DEBUG - Starting fetch_tiktok_data_periodically
2024-12-31 19:26:40,315 - DEBUG - Websocket connection closed.
2024-12-31 19:27:02,521 - DEBUG - got TikTok data
2024-12-31 19:27:21,344 - DEBUG - Websocket connection closed.
2024-12-31 19:28:20,818 - INFO - Server started on ws://localhost:8001
2024-12-31 19:28:20,819 - INFO - Starting update_data_periodically
2024-12-31 19:28:20,820 - DEBUG - Starting fetch_tiktok_data_periodically
2024-12-31 19:29:11,803 - DEBUG - Websocket connection closed.
2024-12-31 19:29:34,675 - DEBUG - got TikTok data
2024-12-31 19:29:52,803 - DEBUG - Websocket connection closed.
2024-12-31 19:30:33,823 - DEBUG - Websocket connection closed.
2024-12-31 19:31:14,816 - DEBUG - Websocket connection closed.
2024-12-31 19:31:55,827 - DEBUG - Websocket connection closed.
2024-12-31 19:32:36,821 - DEBUG - Websocket connection closed.
2024-12-31 19:33:17,831 - DEBUG - Websocket connection closed.
2024-12-31 19:33:58,843 - DEBUG - Websocket connection closed.
2024-12-31 19:34:34,709 - DEBUG - Starting fetch_tiktok_data_periodically
2024-12-31 19:34:39,838 - DEBUG - Websocket connection closed.
2024-12-31 19:35:20,857 - DEBUG - Websocket connection closed.
2024-12-31 19:36:01,857 - DEBUG - Websocket connection closed.
2024-12-31 19:36:15,648 - DEBUG - got TikTok data
2024-12-31 19:36:42,858 - DEBUG - Websocket connection closed.
2024-12-31 19:37:03,048 - INFO - Server started on ws://localhost:8001
2024-12-31 19:37:03,050 - INFO - Starting update_data_periodically
2024-12-31 19:37:03,051 - DEBUG - Starting fetch_tiktok_data_periodically
2024-12-31 19:37:53,284 - DEBUG - Websocket connection closed.
2024-12-31 19:38:21,672 - DEBUG - got TikTok data
2024-12-31 19:38:34,284 - DEBUG - Websocket connection closed.
2024-12-31 19:39:15,308 - DEBUG - Websocket connection closed.
2024-12-31 19:39:21,683 - DEBUG - Starting fetch_tiktok_data_periodically
2024-12-31 19:39:56,305 - DEBUG - Websocket connection closed.
2024-12-31 19:40:37,307 - DEBUG - Websocket connection closed.
2024-12-31 19:40:41,316 - DEBUG - got TikTok data
2024-12-31 20:07:58,416 - INFO - Server started on ws://localhost:8001
2024-12-31 20:07:58,418 - INFO - Starting update_data_periodically
2024-12-31 20:07:58,420 - DEBUG - Starting fetch_tiktok_data_periodically
2024-12-31 20:08:48,725 - DEBUG - Websocket connection closed.
2024-12-31 20:09:08,181 - ERROR - An unexpected error occurred: 'async for' requires an object with __aiter__ method, got list
2024-12-31 20:09:28,469 - INFO - Server started on ws://localhost:8001
2024-12-31 20:09:28,471 - INFO - Starting update_data_periodically
2024-12-31 20:09:28,472 - DEBUG - Starting fetch_tiktok_data_periodically
2024-12-31 20:10:18,622 - DEBUG - Websocket connection closed.
2024-12-31 20:10:52,638 - DEBUG - got TikTok data
2024-12-31 21:31:21,566 - INFO - Server started on ws://localhost:8001
2024-12-31 21:31:21,568 - INFO - Starting update_data_periodically
2024-12-31 21:31:21,569 - DEBUG - Starting fetch_tiktok_data_periodically
2024-12-31 21:32:49,353 - DEBUG - got TikTok data
2024-12-31 21:33:49,382 - DEBUG - Starting fetch_tiktok_data_periodically
2024-12-31 21:34:22,830 - DEBUG - Websocket connection closed.
2024-12-31 21:35:23,979 - DEBUG - Websocket connection closed.
2024-12-31 21:35:31,261 - DEBUG - got TikTok data
2024-12-31 21:36:31,306 - DEBUG - Starting fetch_tiktok_data_periodically
2024-12-31 21:37:07,753 - INFO - Server started on ws://localhost:8001
2024-12-31 21:37:07,754 - INFO - Starting update_data_periodically
2024-12-31 21:37:07,755 - DEBUG - Starting fetch_tiktok_data_periodically
2024-12-31 21:37:21,488 - INFO - Server started on ws://localhost:8001
2024-12-31 21:37:21,494 - INFO - Starting update_data_periodically
2024-12-31 21:37:21,503 - DEBUG - Starting fetch_tiktok_data_periodically
2024-12-31 21:38:51,812 - DEBUG - Websocket connection closed.
2024-12-31 21:39:08,748 - DEBUG - got TikTok data
2024-12-31 21:44:21,029 - INFO - Server started on ws://localhost:8001
2024-12-31 21:44:21,030 - INFO - Starting update_data_periodically
2024-12-31 21:44:21,031 - DEBUG - Starting fetch_tiktok_data_periodically
2024-12-31 21:45:12,850 - DEBUG - Websocket connection closed.
2024-12-31 21:45:54,636 - INFO - Server started on ws://localhost:8001
2024-12-31 21:45:54,638 - INFO - Starting update_data_periodically
2024-12-31 21:45:54,640 - DEBUG - Starting fetch_tiktok_data_periodically
2024-12-31 21:46:44,767 - DEBUG - Websocket connection closed.
2024-12-31 21:47:13,604 - DEBUG - got TikTok data
2024-12-31 21:47:25,823 - DEBUG - Websocket connection closed.
2024-12-31 21:48:13,648 - DEBUG - Starting fetch_tiktok_data_periodically
2024-12-31 21:48:26,975 - DEBUG - Websocket connection closed.
2024-12-31 21:49:07,984 - DEBUG - Websocket connection closed.
2024-12-31 21:49:49,042 - DEBUG - Websocket connection closed.
2024-12-31 21:49:59,853 - DEBUG - got TikTok data
2024-12-31 21:50:30,059 - DEBUG - Websocket connection closed.
2024-12-31 21:50:59,867 - DEBUG - Starting fetch_tiktok_data_periodically
2024-12-31 21:51:11,100 - DEBUG - Websocket connection closed.
2024-12-31 21:51:52,146 - DEBUG - Websocket connection closed.
2024-12-31 21:52:31,905 - DEBUG - got TikTok data
2024-12-31 21:52:33,184 - DEBUG - Websocket connection closed.
2024-12-31 21:53:31,929 - DEBUG - Starting fetch_tiktok_data_periodically
2024-12-31 21:55:10,328 - DEBUG - got TikTok data
2024-12-31 21:56:10,373 - DEBUG - Starting fetch_tiktok_data_periodically
2024-12-31 21:57:54,317 - DEBUG - got TikTok data
2024-12-31 21:58:54,396 - DEBUG - Starting fetch_tiktok_data_periodically
2024-12-31 21:58:55,195 - DEBUG - Websocket connection closed.
2024-12-31 22:00:29,719 - DEBUG - got TikTok data
2024-12-31 22:00:45,783 - INFO - Server started on ws://localhost:8001
2024-12-31 22:00:45,785 - INFO - Starting update_data_periodically
2024-12-31 22:00:45,786 - DEBUG - Starting fetch_tiktok_data_periodically
2024-12-31 22:02:17,787 - DEBUG - got TikTok data
2024-12-31 22:03:17,812 - DEBUG - Starting fetch_tiktok_data_periodically
2024-12-31 22:04:48,665 - DEBUG - got TikTok data
2024-12-31 22:05:39,528 - INFO - [96mServer started on ws://localhost:8001[0m
2024-12-31 22:05:39,529 - INFO - [33mStarting update_data_periodically[0m
2024-12-31 22:05:39,531 - DEBUG - [33mStarting fetch_tiktok_data_periodically[0m
2024-12-31 22:08:07,743 - DEBUG - [33mStarting fetch_tiktok_data_periodically[0m
2024-12-31 22:10:38,503 - DEBUG - [33mStarting fetch_tiktok_data_periodically[0m
2024-12-31 22:11:55,963 - INFO - [96mServer started on ws://localhost:8001[0m
2024-12-31 22:11:55,965 - INFO - [33mStarting update_data_periodically[0m
2024-12-31 22:11:55,966 - DEBUG - [33mStarting fetch_tiktok_data_periodically[0m
2024-12-31 22:14:31,557 - DEBUG - [33mStarting fetch_tiktok_data_periodically[0m
2024-12-31 22:15:42,788 - INFO - [96mServer started on ws://localhost:8001[0m
2024-12-31 22:15:42,789 - INFO - [33mStarting update_data_periodically[0m
2024-12-31 22:15:42,790 - DEBUG - [95mStarting fetch_tiktok_data_periodically[0m
2024-12-31 22:18:16,734 - DEBUG - [95mStarting fetch_tiktok_data_periodically[0m
2024-12-31 22:20:56,336 - DEBUG - [95mStarting fetch_tiktok_data_periodically[0m
2024-12-31 22:22:54,155 - DEBUG - [90mWebsocket connection closed.[0m
2024-12-31 22:23:32,621 - DEBUG - [95mStarting fetch_tiktok_data_periodically[0m
2024-12-31 22:23:35,208 - DEBUG - [90mWebsocket connection closed.[0m
2024-12-31 22:24:16,225 - DEBUG - [90mWebsocket connection closed.[0m
2024-12-31 22:24:57,256 - DEBUG - [90mWebsocket connection closed.[0m
2024-12-31 22:25:38,275 - DEBUG - [90mWebsocket connection closed.[0m
2024-12-31 22:25:49,365 - DEBUG - [95mStarting fetch_tiktok_data_periodically[0m
2024-12-31 22:26:39,947 - DEBUG - [90mWebsocket connection closed.[0m
2024-12-31 22:28:32,443 - DEBUG - [95mStarting fetch_tiktok_data_periodically[0m
2024-12-31 22:31:17,502 - DEBUG - [95mStarting fetch_tiktok_data_periodically[0m
2024-12-31 22:33:34,915 - DEBUG - [95mStarting fetch_tiktok_data_periodically[0m
2024-12-31 22:35:56,264 - DEBUG - [95mStarting fetch_tiktok_data_periodically[0m
2024-12-31 22:37:22,301 - DEBUG - [90mWebsocket connection closed.[0m
2024-12-31 22:38:22,341 - DEBUG - [95mStarting fetch_tiktok_data_periodically[0m
2024-12-31 22:39:03,971 - DEBUG - [90mWebsocket connection closed.[0m
2024-12-31 22:41:03,761 - DEBUG - [95mStarting fetch_tiktok_data_periodically[0m
2024-12-31 22:43:42,676 - DEBUG - [95mStarting fetch_tiktok_data_periodically[0m
2024-12-31 22:46:10,937 - DEBUG - [95mStarting fetch_tiktok_data_periodically[0m
2024-12-31 22:46:46,193 - DEBUG - [90mWebsocket connection closed.[0m
2024-12-31 22:47:47,930 - DEBUG - [90mWebsocket connection closed.[0m
2024-12-31 22:48:36,830 - DEBUG - [95mStarting fetch_tiktok_data_periodically[0m
2024-12-31 23:28:22,516 - INFO - [96mServer started on ws://0.0.0.0:8001[0m
2024-12-31 23:28:22,521 - INFO - [33mStarting update_data_periodically[0m
2024-12-31 23:28:22,522 - DEBUG - [95mStarting fetch_tiktok_data_periodically[0m
2024-12-31 23:29:33,827 - INFO - [96mServer started on ws://0.0.0.0:8001[0m
2024-12-31 23:29:33,829 - INFO - [33mStarting update_data_periodically[0m
2024-12-31 23:29:33,830 - DEBUG - [95mStarting fetch_tiktok_data_periodically[0m
2024-12-31 23:32:10,456 - DEBUG - [95mStarting fetch_tiktok_data_periodically[0m
2024-12-31 23:34:56,177 - DEBUG - [95mStarting fetch_tiktok_data_periodically[0m
2024-12-31 23:35:05,448 - DEBUG - [90mWebsocket connection closed.[0m
2024-12-31 23:37:40,535 - DEBUG - [95mStarting fetch_tiktok_data_periodically[0m
2024-12-31 23:40:33,382 - DEBUG - [95mStarting fetch_tiktok_data_periodically[0m
2024-12-31 23:42:54,927 - DEBUG - [95mStarting fetch_tiktok_data_periodically[0m
2024-12-31 23:45:07,175 - DEBUG - [95mStarting fetch_tiktok_data_periodically[0m
2024-12-31 23:47:47,691 - DEBUG - [90mWebsocket connection closed.[0m
2024-12-31 23:49:41,061 - ERROR - [31mAn unexpected error occurred: Timeout 30000ms exceeded.[0m
2024-12-31 23:52:02,399 - DEBUG - [95mStarting fetch_tiktok_data_periodically[0m
2024-12-31 23:54:17,292 - DEBUG - [95mStarting fetch_tiktok_data_periodically[0m
2024-12-31 23:56:30,602 - DEBUG - [95mStarting fetch_tiktok_data_periodically[0m
2024-12-31 23:58:41,493 - DEBUG - [95mStarting fetch_tiktok_data_periodically[0m
2025-01-01 00:00:49,521 - DEBUG - [90mWebsocket connection closed.[0m
2025-01-01 00:00:49,836 - DEBUG - [95mStarting fetch_tiktok_data_periodically[0m
2025-01-01 00:03:03,690 - DEBUG - [95mStarting fetch_tiktok_data_periodically[0m
2025-01-01 00:05:11,739 - DEBUG - [95mStarting fetch_tiktok_data_periodically[0m
2025-01-01 00:07:20,056 - DEBUG - [95mStarting fetch_tiktok_data_periodically[0m
2025-01-01 00:09:31,920 - DEBUG - [95mStarting fetch_tiktok_data_periodically[0m
2025-01-01 00:11:42,275 - DEBUG - [95mStarting fetch_tiktok_data_periodically[0m
2025-01-01 00:13:49,830 - DEBUG - [95mStarting fetch_tiktok_data_periodically[0m
2025-01-01 00:13:51,575 - DEBUG - [90mWebsocket connection closed.[0m
2025-01-01 00:16:02,651 - DEBUG - [95mStarting fetch_tiktok_data_periodically[0m
2025-01-01 00:18:15,111 - DEBUG - [95mStarting fetch_tiktok_data_periodically[0m
2025-01-01 00:20:26,889 - DEBUG - [95mStarting fetch_tiktok_data_periodically[0m
2025-01-01 00:22:39,673 - DEBUG - [95mStarting fetch_tiktok_data_periodically[0m
2025-01-01 00:24:46,743 - DEBUG - [95mStarting fetch_tiktok_data_periodically[0m
2025-01-01 00:26:53,709 - DEBUG - [90mWebsocket connection closed.[0m
2025-01-01 00:26:56,347 - DEBUG - [95mStarting fetch_tiktok_data_periodically[0m
2025-01-01 00:29:01,953 - DEBUG - [95mStarting fetch_tiktok_data_periodically[0m
2025-01-01 00:31:13,464 - DEBUG - [95mStarting fetch_tiktok_data_periodically[0m
2025-01-01 00:33:19,544 - DEBUG - [95mStarting fetch_tiktok_data_periodically[0m
2025-01-01 00:35:28,100 - DEBUG - [95mStarting fetch_tiktok_data_periodically[0m
2025-01-01 00:37:38,992 - DEBUG - [95mStarting fetch_tiktok_data_periodically[0m
2025-01-01 00:39:49,631 - DEBUG - [95mStarting fetch_tiktok_data_periodically[0m
2025-01-01 00:39:55,654 - DEBUG - [90mWebsocket connection closed.[0m
2025-01-01 00:41:59,084 - DEBUG - [95mStarting fetch_tiktok_data_periodically[0m
2025-01-01 00:44:08,195 - DEBUG - [95mStarting fetch_tiktok_data_periodically[0m
2025-01-01 00:46:16,967 - DEBUG - [95mStarting fetch_tiktok_data_periodically[0m
2025-01-01 00:48:28,161 - DEBUG - [95mStarting fetch_tiktok_data_periodically[0m
2025-01-01 00:50:36,556 - DEBUG - [95mStarting fetch_tiktok_data_periodically[0m
2025-01-01 00:52:52,564 - DEBUG - [95mStarting fetch_tiktok_data_periodically[0m
2025-01-01 00:52:57,702 - DEBUG - [90mWebsocket connection closed.[0m
2025-01-01 00:55:02,404 - DEBUG - [95mStarting fetch_tiktok_data_periodically[0m
2025-01-01 00:57:14,118 - DEBUG - [95mStarting fetch_tiktok_data_periodically[0m
2025-01-01 00:59:28,334 - DEBUG - [95mStarting fetch_tiktok_data_periodically[0m
2025-01-01 01:01:37,036 - DEBUG - [95mStarting fetch_tiktok_data_periodically[0m
2025-01-01 01:03:45,550 - DEBUG - [95mStarting fetch_tiktok_data_periodically[0m
2025-01-01 01:05:54,744 - DEBUG - [95mStarting fetch_tiktok_data_periodically[0m
2025-01-01 01:05:59,624 - DEBUG - [90mWebsocket connection closed.[0m
2025-01-01 01:08:04,620 - DEBUG - [95mStarting fetch_tiktok_data_periodically[0m
2025-01-01 01:10:14,810 - DEBUG - [95mStarting fetch_tiktok_data_periodically[0m
2025-01-01 01:12:25,436 - DEBUG - [95mStarting fetch_tiktok_data_periodically[0m
2025-01-01 01:14:35,391 - DEBUG - [95mStarting fetch_tiktok_data_periodically[0m
2025-01-01 01:16:40,230 - DEBUG - [95mStarting fetch_tiktok_data_periodically[0m
2025-01-01 01:18:49,907 - DEBUG - [95mStarting fetch_tiktok_data_periodically[0m
2025-01-01 01:19:01,639 - DEBUG - [90mWebsocket connection closed.[0m
2025-01-01 01:20:58,808 - DEBUG - [95mStarting fetch_tiktok_data_periodically[0m
2025-01-01 01:23:07,374 - DEBUG - [95mStarting fetch_tiktok_data_periodically[0m
2025-01-01 01:25:15,926 - DEBUG - [95mStarting fetch_tiktok_data_periodically[0m
2025-01-01 01:27:24,325 - DEBUG - [95mStarting fetch_tiktok_data_periodically[0m
2025-01-01 01:29:31,017 - DEBUG - [95mStarting fetch_tiktok_data_periodically[0m
2025-01-01 01:31:36,367 - DEBUG - [95mStarting fetch_tiktok_data_periodically[0m
2025-01-01 01:32:03,652 - DEBUG - [90mWebsocket connection closed.[0m
2025-01-01 01:33:42,381 - DEBUG - [95mStarting fetch_tiktok_data_periodically[0m
2025-01-01 01:35:54,902 - DEBUG - [95mStarting fetch_tiktok_data_periodically[0m
2025-01-01 01:38:03,377 - DEBUG - [95mStarting fetch_tiktok_data_periodically[0m
2025-01-01 01:40:11,470 - DEBUG - [95mStarting fetch_tiktok_data_periodically[0m
2025-01-01 01:42:18,397 - DEBUG - [95mStarting fetch_tiktok_data_periodically[0m
2025-01-01 01:44:27,998 - DEBUG - [95mStarting fetch_tiktok_data_periodically[0m
2025-01-01 01:45:05,568 - DEBUG - [90mWebsocket connection closed.[0m
2025-01-01 01:46:36,621 - DEBUG - [95mStarting fetch_tiktok_data_periodically[0m
2025-01-01 01:48:48,016 - DEBUG - [95mStarting fetch_tiktok_data_periodically[0m
2025-01-01 01:50:59,467 - DEBUG - [95mStarting fetch_tiktok_data_periodically[0m
2025-01-01 01:53:09,631 - DEBUG - [95mStarting fetch_tiktok_data_periodically[0m
2025-01-01 01:55:17,528 - DEBUG - [95mStarting fetch_tiktok_data_periodically[0m
2025-01-01 01:57:27,237 - DEBUG - [95mStarting fetch_tiktok_data_periodically[0m
2025-01-01 01:57:47,646 - DEBUG - [90mWebsocket connection closed.[0m
2025-01-01 01:59:39,540 - DEBUG - [95mStarting fetch_tiktok_data_periodically[0m
2025-01-01 02:01:50,979 - DEBUG - [95mStarting fetch_tiktok_data_periodically[0m
2025-01-01 02:03:57,986 - DEBUG - [95mStarting fetch_tiktok_data_periodically[0m
2025-01-01 02:06:06,236 - DEBUG - [95mStarting fetch_tiktok_data_periodically[0m
2025-01-01 02:08:16,573 - DEBUG - [95mStarting fetch_tiktok_data_periodically[0m
2025-01-01 02:10:24,318 - DEBUG - [95mStarting fetch_tiktok_data_periodically[0m
2025-01-01 02:10:49,629 - DEBUG - [90mWebsocket connection closed.[0m
2025-01-01 02:12:30,127 - DEBUG - [95mStarting fetch_tiktok_data_periodically[0m
2025-01-01 02:14:37,126 - DEBUG - [95mStarting fetch_tiktok_data_periodically[0m
2025-01-01 02:16:46,250 - DEBUG - [95mStarting fetch_tiktok_data_periodically[0m
2025-01-01 02:18:57,880 - DEBUG - [95mStarting fetch_tiktok_data_periodically[0m
2025-01-01 02:21:07,627 - DEBUG - [95mStarting fetch_tiktok_data_periodically[0m
2025-01-01 02:23:15,178 - DEBUG - [95mStarting fetch_tiktok_data_periodically[0m
2025-01-01 02:23:51,684 - DEBUG - [90mWebsocket connection closed.[0m
2025-01-01 02:25:22,113 - DEBUG - [95mStarting fetch_tiktok_data_periodically[0m
2025-01-01 02:27:29,410 - DEBUG - [95mStarting fetch_tiktok_data_periodically[0m
2025-01-01 02:29:35,595 - DEBUG - [95mStarting fetch_tiktok_data_periodically[0m
2025-01-01 02:31:43,534 - DEBUG - [95mStarting fetch_tiktok_data_periodically[0m
2025-01-01 02:33:54,570 - DEBUG - [95mStarting fetch_tiktok_data_periodically[0m
2025-01-01 02:36:01,592 - DEBUG - [95mStarting fetch_tiktok_data_periodically[0m
2025-01-01 02:36:53,682 - DEBUG - [90mWebsocket connection closed.[0m
2025-01-01 02:38:14,439 - DEBUG - [95mStarting fetch_tiktok_data_periodically[0m
2025-01-01 02:40:27,547 - DEBUG - [95mStarting fetch_tiktok_data_periodically[0m
2025-01-01 02:42:33,069 - DEBUG - [95mStarting fetch_tiktok_data_periodically[0m
2025-01-01 02:44:43,438 - DEBUG - [95mStarting fetch_tiktok_data_periodically[0m
2025-01-01 02:46:55,000 - DEBUG - [95mStarting fetch_tiktok_data_periodically[0m
2025-01-01 02:49:05,506 - DEBUG - [95mStarting fetch_tiktok_data_periodically[0m
2025-01-01 02:49:55,690 - DEBUG - [90mWebsocket connection closed.[0m
2025-01-01 02:51:12,392 - DEBUG - [95mStarting fetch_tiktok_data_periodically[0m
2025-01-01 02:53:24,642 - DEBUG - [95mStarting fetch_tiktok_data_periodically[0m
2025-01-01 02:55:32,102 - DEBUG - [95mStarting fetch_tiktok_data_periodically[0m
2025-01-01 02:57:38,440 - DEBUG - [95mStarting fetch_tiktok_data_periodically[0m
2025-01-01 02:59:50,323 - DEBUG - [95mStarting fetch_tiktok_data_periodically[0m
2025-01-01 03:02:00,396 - DEBUG - [95mStarting fetch_tiktok_data_periodically[0m
2025-01-01 03:02:57,624 - DEBUG - [90mWebsocket connection closed.[0m
2025-01-01 03:04:08,239 - DEBUG - [95mStarting fetch_tiktok_data_periodically[0m
2025-01-01 03:06:12,584 - DEBUG - [95mStarting fetch_tiktok_data_periodically[0m
2025-01-01 03:08:36,319 - DEBUG - [95mStarting fetch_tiktok_data_periodically[0m
2025-01-01 03:10:43,097 - DEBUG - [95mStarting fetch_tiktok_data_periodically[0m
2025-01-01 03:12:55,339 - DEBUG - [95mStarting fetch_tiktok_data_periodically[0m
2025-01-01 03:15:11,275 - DEBUG - [95mStarting fetch_tiktok_data_periodically[0m
2025-01-01 03:15:59,609 - DEBUG - [90mWebsocket connection closed.[0m
2025-01-01 03:17:30,284 - DEBUG - [95mStarting fetch_tiktok_data_periodically[0m
2025-01-01 03:19:45,711 - DEBUG - [95mStarting fetch_tiktok_data_periodically[0m
2025-01-01 03:22:03,011 - DEBUG - [95mStarting fetch_tiktok_data_periodically[0m
2025-01-01 03:24:23,004 - DEBUG - [95mStarting fetch_tiktok_data_periodically[0m
2025-01-01 03:26:39,958 - DEBUG - [95mStarting fetch_tiktok_data_periodically[0m
2025-01-01 03:28:57,599 - DEBUG - [95mStarting fetch_tiktok_data_periodically[0m
2025-01-01 03:29:01,708 - DEBUG - [90mWebsocket connection closed.[0m
2025-01-01 03:31:10,521 - DEBUG - [95mStarting fetch_tiktok_data_periodically[0m
2025-01-01 03:33:15,289 - DEBUG - [95mStarting fetch_tiktok_data_periodically[0m
2025-01-01 03:35:20,746 - DEBUG - [95mStarting fetch_tiktok_data_periodically[0m
2025-01-01 03:37:35,822 - DEBUG - [95mStarting fetch_tiktok_data_periodically[0m
2025-01-01 03:39:54,662 - DEBUG - [95mStarting fetch_tiktok_data_periodically[0m
2025-01-01 03:42:03,694 - DEBUG - [90mWebsocket connection closed.[0m
2025-01-01 03:42:09,631 - DEBUG - [95mStarting fetch_tiktok_data_periodically[0m
2025-01-01 03:44:24,747 - DEBUG - [95mStarting fetch_tiktok_data_periodically[0m
2025-01-01 03:46:36,568 - DEBUG - [95mStarting fetch_tiktok_data_periodically[0m
2025-01-01 03:49:01,851 - DEBUG - [95mStarting fetch_tiktok_data_periodically[0m
2025-01-01 03:51:13,154 - DEBUG - [95mStarting fetch_tiktok_data_periodically[0m
2025-01-01 03:53:28,487 - DEBUG - [95mStarting fetch_tiktok_data_periodically[0m
2025-01-01 03:55:05,553 - DEBUG - [90mWebsocket connection closed.[0m
2025-01-01 03:55:43,441 - DEBUG - [95mStarting fetch_tiktok_data_periodically[0m
2025-01-01 03:58:01,627 - DEBUG - [95mStarting fetch_tiktok_data_periodically[0m
2025-01-01 04:00:21,571 - DEBUG - [95mStarting fetch_tiktok_data_periodically[0m
2025-01-01 04:02:46,729 - DEBUG - [95mStarting fetch_tiktok_data_periodically[0m
2025-01-01 04:05:11,311 - DEBUG - [95mStarting fetch_tiktok_data_periodically[0m
2025-01-01 04:07:31,904 - DEBUG - [95mStarting fetch_tiktok_data_periodically[0m
2025-01-01 04:07:47,728 - DEBUG - [90mWebsocket connection closed.[0m
2025-01-01 04:09:45,125 - DEBUG - [95mStarting fetch_tiktok_data_periodically[0m
2025-01-01 04:11:57,258 - DEBUG - [95mStarting fetch_tiktok_data_periodically[0m
2025-01-01 04:14:16,413 - DEBUG - [95mStarting fetch_tiktok_data_periodically[0m
2025-01-01 04:16:28,173 - DEBUG - [95mStarting fetch_tiktok_data_periodically[0m
2025-01-01 04:18:39,347 - DEBUG - [95mStarting fetch_tiktok_data_periodically[0m
2025-01-01 04:20:49,731 - DEBUG - [90mWebsocket connection closed.[0m
2025-01-01 04:20:56,500 - DEBUG - [95mStarting fetch_tiktok_data_periodically[0m
2025-01-01 04:23:11,478 - DEBUG - [95mStarting fetch_tiktok_data_periodically[0m
2025-01-01 04:25:25,471 - DEBUG - [95mStarting fetch_tiktok_data_periodically[0m
2025-01-01 04:27:36,952 - DEBUG - [95mStarting fetch_tiktok_data_periodically[0m
2025-01-01 04:29:48,232 - DEBUG - [95mStarting fetch_tiktok_data_periodically[0m
2025-01-01 04:32:03,914 - DEBUG - [95mStarting fetch_tiktok_data_periodically[0m
2025-01-01 04:33:51,665 - DEBUG - [90mWebsocket connection closed.[0m
2025-01-01 04:34:20,089 - DEBUG - [95mStarting fetch_tiktok_data_periodically[0m
2025-01-01 04:34:33,285 - DEBUG - [90mWebsocket connection closed.[0m
2025-01-01 04:35:15,263 - DEBUG - [90mWebsocket connection closed.[0m
2025-01-01 04:36:33,116 - DEBUG - [95mStarting fetch_tiktok_data_periodically[0m
2025-01-01 22:01:11,225 - INFO - [96mServer started on ws://0.0.0.0:8001[0m
2025-01-01 22:01:11,226 - INFO - [33mStarting update_data_periodically[0m
2025-01-01 22:01:11,229 - DEBUG - [95mStarting fetch_tiktok_data_periodically[0m
2025-01-01 22:02:12,539 - ERROR - [31mAn unexpected error occurred: 'blockUsers'[0m
2025-01-01 22:04:23,105 - INFO - [96mServer started on ws://0.0.0.0:8001[0m
2025-01-01 22:04:23,107 - INFO - [33mStarting update_data_periodically[0m
2025-01-01 22:04:23,108 - DEBUG - [95mStarting fetch_tiktok_data_periodically[0m
2025-01-01 22:06:17,441 - DEBUG - [95mStarting fetch_tiktok_data_periodically[0m
2025-01-01 22:08:19,027 - DEBUG - [95mStarting fetch_tiktok_data_periodically[0m
2025-01-01 22:09:21,901 - INFO - [96mServer started on ws://0.0.0.0:8001[0m
2025-01-01 22:09:21,904 - INFO - [33mStarting update_data_periodically[0m
2025-01-01 22:09:21,905 - DEBUG - [95mStarting fetch_tiktok_data_periodically[0m
2025-01-01 22:11:13,845 - DEBUG - [95mStarting fetch_tiktok_data_periodically[0m
